<?xml version="1.0" encoding="UTF-8"?>
<!-- Generated by org.testng.reporters.JUnitReportReporter -->
<testsuite hostname="SPMUMLAP-050" failures="0" tests="1" name="test.Logintest" time="98.542" errors="0" timestamp="2024-11-02T17:05:22 IST" skipped="0">
  <testcase classname="test.Logintest" name="logintest" time="98.542"/>
  <system-out/>
</testsuite> <!-- test.Logintest -->
