<?xml version="1.0" encoding="UTF-8"?>
<!-- Generated by org.testng.reporters.JUnitReportReporter -->
<testsuite hostname="SPMUMLAP-050" failures="0" tests="1" name="test.contact" time="21.682" errors="0" timestamp="2024-10-10T14:44:25 IST" skipped="0">
  <testcase classname="test.contact" name="logintest" time="21.682"/>
  <system-out/>
</testsuite> <!-- test.contact -->
