<?xml version="1.0" encoding="UTF-8"?>
<!-- Generated by org.testng.reporters.JUnitReportReporter -->
<testsuite hostname="SPMUMLAP-050" failures="0" tests="1" name="test.TestContact" time="38.982" errors="0" timestamp="2024-10-10T16:57:38 IST" skipped="0">
  <testcase classname="test.TestContact" name="logintest" time="38.982"/>
  <system-out/>
</testsuite> <!-- test.TestContact -->
